<?xml version="1.0" encoding="UTF-8"?>
<testng-results skipped="0" failed="1" ignored="2" total="4" passed="1">
  <reporter-output>
    <line>
      <![CDATA[INIT => Initializing Selenium Firefox driver...]]>
    </line>
    <line>
      <![CDATA[Verify widget tab displayed => Verifying if the tab [Bus] is displayed]]>
    </line>
    <line>
      <![CDATA[Click widget tab => Click widget tab [Bus]]]>
    </line>
    <line>
      <![CDATA[Verify element displayed => Verifying if text box [By.xpath: //*[@id='js-hp-widgetSection']//div[contains(@class,'inputM modify')][1]] is displayed]]>
    </line>
    <line>
      <![CDATA[Enter text => Enter text [Pune]]]>
    </line>
    <line>
      <![CDATA[Verify element displayed => Verifying if text box [By.xpath: //*[@id='js-hp-widgetSection']//div[contains(@class,'inputM modify')][2]] is displayed]]>
    </line>
    <line>
      <![CDATA[Enter text => Enter text [Nagpur]]]>
    </line>
    <line>
      <![CDATA[Verify element displayed => Verifying submit button is displayed]]>
    </line>
    <line>
      <![CDATA[Submit search => Click submit button to initiate search]]>
    </line>
    <line>
      <![CDATA[Verify search progress => ]]>
    </line>
    <line>
      <![CDATA[Verify element present => element [By.xpath: // img[contains(@src,'ajax-transparent-loader.gif')]] not found.]]>
    </line>
  </reporter-output>
  <suite name="Default suite" duration-ms="124372" started-at="2017-10-22T06:14:37Z" finished-at="2017-10-22T06:16:41Z">
    <groups>
    </groups>
    <test name="Default test" duration-ms="124372" started-at="2017-10-22T06:14:37Z" finished-at="2017-10-22T06:16:41Z">
      <class name="TestClassTest">
        <test-method status="PASS" signature="setUP(org.testng.ITestContext)[pri:0, instance:TestClassTest@5a63f509]" name="setUP" is-config="true" duration-ms="4708" started-at="2017-10-22T11:44:32Z" finished-at="2017-10-22T11:44:37Z">
          <params>
            <param index="0">
              <value>
                <![CDATA[org.testng.TestRunner@5d8445d7]]>
              </value>
            </param>
          </params>
          <reporter-output>
            <line>
              <![CDATA[INIT => Initializing Selenium Firefox driver...]]>
            </line>
          </reporter-output>
        </test-method> <!-- setUP -->
        <test-method status="FAIL" signature="SearchBusEndToEndTest()[pri:0, instance:TestClassTest@5a63f509]" name="SearchBusEndToEndTest" duration-ms="124318" started-at="2017-10-22T11:44:37Z" description="To test search bus end to end scenario" finished-at="2017-10-22T11:46:41Z">
          <exception class="java.lang.AssertionError">
            <message>
              <![CDATA[Verify search progress icon displayed expected [true] but found [false]]]>
            </message>
            <full-stacktrace>
              <![CDATA[java.lang.AssertionError: Verify search progress icon displayed expected [true] but found [false]
	at org.testng.Assert.fail(Assert.java:93)
	at org.testng.Assert.failNotEquals(Assert.java:512)
	at org.testng.Assert.assertTrue(Assert.java:41)
	at BusSearchResultPage.verifySearchInitiated(BusSearchResultPage.java:45)
	at TestClassTest.SearchBusEndToEndTest(TestClassTest.java:90)
	at sun.reflect.NativeMethodAccessorImpl.invoke0(Native Method)
	at sun.reflect.NativeMethodAccessorImpl.invoke(NativeMethodAccessorImpl.java:62)
	at sun.reflect.DelegatingMethodAccessorImpl.invoke(DelegatingMethodAccessorImpl.java:43)
	at java.lang.reflect.Method.invoke(Method.java:498)
	at org.testng.internal.MethodInvocationHelper.invokeMethod(MethodInvocationHelper.java:108)
	at org.testng.internal.Invoker.invokeMethod(Invoker.java:661)
	at org.testng.internal.Invoker.invokeTestMethod(Invoker.java:869)
	at org.testng.internal.Invoker.invokeTestMethods(Invoker.java:1193)
	at org.testng.internal.TestMethodWorker.invokeTestMethods(TestMethodWorker.java:126)
	at org.testng.internal.TestMethodWorker.run(TestMethodWorker.java:109)
	at org.testng.TestRunner.privateRun(TestRunner.java:744)
	at org.testng.TestRunner.run(TestRunner.java:602)
	at org.testng.SuiteRunner.runTest(SuiteRunner.java:380)
	at org.testng.SuiteRunner.runSequentially(SuiteRunner.java:375)
	at org.testng.SuiteRunner.privateRun(SuiteRunner.java:340)
	at org.testng.SuiteRunner.run(SuiteRunner.java:289)
	at org.testng.SuiteRunnerWorker.runSuite(SuiteRunnerWorker.java:52)
	at org.testng.SuiteRunnerWorker.run(SuiteRunnerWorker.java:86)
	at org.testng.TestNG.runSuitesSequentially(TestNG.java:1301)
	at org.testng.TestNG.runSuitesLocally(TestNG.java:1226)
	at org.testng.TestNG.runSuites(TestNG.java:1144)
	at org.testng.TestNG.run(TestNG.java:1115)
	at org.testng.remote.AbstractRemoteTestNG.run(AbstractRemoteTestNG.java:126)
	at org.testng.remote.RemoteTestNG.initAndRun(RemoteTestNG.java:137)
	at org.testng.remote.RemoteTestNG.main(RemoteTestNG.java:58)
]]>
            </full-stacktrace>
          </exception> <!-- java.lang.AssertionError -->
          <reporter-output>
            <line>
              <![CDATA[Verify widget tab displayed => Verifying if the tab [Bus] is displayed]]>
            </line>
            <line>
              <![CDATA[Click widget tab => Click widget tab [Bus]]]>
            </line>
            <line>
              <![CDATA[Verify element displayed => Verifying if text box [By.xpath: //*[@id='js-hp-widgetSection']//div[contains(@class,'inputM modify')][1]] is displayed]]>
            </line>
            <line>
              <![CDATA[Enter text => Enter text [Pune]]]>
            </line>
            <line>
              <![CDATA[Verify element displayed => Verifying if text box [By.xpath: //*[@id='js-hp-widgetSection']//div[contains(@class,'inputM modify')][2]] is displayed]]>
            </line>
            <line>
              <![CDATA[Enter text => Enter text [Nagpur]]]>
            </line>
            <line>
              <![CDATA[Verify element displayed => Verifying submit button is displayed]]>
            </line>
            <line>
              <![CDATA[Submit search => Click submit button to initiate search]]>
            </line>
            <line>
              <![CDATA[Verify search progress => ]]>
            </line>
            <line>
              <![CDATA[Verify element present => element [By.xpath: // img[contains(@src,'ajax-transparent-loader.gif')]] not found.]]>
            </line>
          </reporter-output>
        </test-method> <!-- SearchBusEndToEndTest -->
        <test-method status="PASS" signature="SelectSeatTest()[pri:0, instance:TestClassTest@5a63f509]" name="SelectSeatTest" duration-ms="6" started-at="2017-10-22T11:46:41Z" description="To Test home page loading within page load time" finished-at="2017-10-22T11:46:41Z">
          <reporter-output>
          </reporter-output>
        </test-method> <!-- SelectSeatTest -->
        <test-method status="PASS" signature="tearDown()[pri:0, instance:TestClassTest@5a63f509]" name="tearDown" is-config="true" duration-ms="2758" started-at="2017-10-22T11:46:41Z" finished-at="2017-10-22T11:46:44Z">
          <reporter-output>
          </reporter-output>
        </test-method> <!-- tearDown -->
      </class> <!-- TestClassTest -->
    </test> <!-- Default test -->
  </suite> <!-- Default suite -->
</testng-results>
